<?xml version="1.0" encoding="UTF-8"?>
<testng-results ignored="35" total="36" passed="1" failed="0" skipped="0">
  <reporter-output>
  </reporter-output>
  <suite started-at="2023-06-20T21:08:43 IST" name="Default suite" finished-at="2023-06-20T21:09:11 IST" duration-ms="28042">
    <groups>
    </groups>
    <test started-at="2023-06-20T21:08:43 IST" name="Default test" finished-at="2023-06-20T21:09:11 IST" duration-ms="28042">
      <class name="com.automation.tests.SfdcAuromationScripts">
        <test-method is-config="true" signature="setUpForBeforeTest()[pri:0, instance:com.automation.tests.SfdcAuromationScripts@20140db9]" started-at="2023-06-20T21:08:43 IST" name="setUpForBeforeTest" finished-at="2023-06-20T21:08:44 IST" duration-ms="815" status="PASS">
          <reporter-output>
          </reporter-output>
        </test-method> <!-- setUpForBeforeTest -->
        <test-method is-config="true" signature="setUpBeforeTestMethod(java.lang.String)[pri:0, instance:com.automation.tests.SfdcAuromationScripts@20140db9]" started-at="2023-06-20T21:08:44 IST" name="setUpBeforeTestMethod" finished-at="2023-06-20T21:08:50 IST" duration-ms="6159" status="PASS">
          <params>
            <param index="0">
              <value>
                <![CDATA[Chrome]]>
              </value>
            </param>
          </params>
          <reporter-output>
          </reporter-output>
        </test-method> <!-- setUpBeforeTestMethod -->
        <test-method signature="sfdcMyProfile()[pri:0, instance:com.automation.tests.SfdcAuromationScripts@20140db9]" started-at="2023-06-20T21:08:50 IST" name="sfdcMyProfile" finished-at="2023-06-20T21:09:10 IST" duration-ms="20612" status="PASS">
          <reporter-output>
          </reporter-output>
        </test-method> <!-- sfdcMyProfile -->
        <test-method is-config="true" signature="tearDownAfterTestMethod()[pri:0, instance:com.automation.tests.SfdcAuromationScripts@20140db9]" started-at="2023-06-20T21:09:10 IST" name="tearDownAfterTestMethod" finished-at="2023-06-20T21:09:11 IST" duration-ms="375" status="PASS">
          <reporter-output>
          </reporter-output>
        </test-method> <!-- tearDownAfterTestMethod -->
      </class> <!-- com.automation.tests.SfdcAuromationScripts -->
    </test> <!-- Default test -->
  </suite> <!-- Default suite -->
</testng-results>
