<?xml version="1.0" encoding="UTF-8"?>
<!-- Generated by org.testng.reporters.JUnitXMLReporter -->
<testsuite ignored="35" hostname="DESKTOP-5O0FCEA" failures="0" tests="1" name="Default test" time="28.042" errors="0" timestamp="2023-06-20T21:09:11 IST">
  <testcase classname="com.automation.tests.SfdcAuromationScripts" name="sfdcMyProfile" time="20.612"/>
  <testcase classname="com.automation.tests.SfdcAuromationScripts" name="sfdcLogout" time="0.0">
    <ignored/>
  </testcase> <!-- sfdcLogout -->
  <testcase classname="com.automation.tests.SfdcAuromationScripts" name="sfdcCreateOpty" time="0.0">
    <ignored/>
  </testcase> <!-- sfdcCreateOpty -->
  <testcase classname="com.automation.tests.SfdcAuromationScripts" name="sfdcLeadNew" time="0.0">
    <ignored/>
  </testcase> <!-- sfdcLeadNew -->
  <testcase classname="com.automation.tests.SfdcAuromationScripts" name="sfdcContact" time="0.0">
    <ignored/>
  </testcase> <!-- sfdcContact -->
  <testcase classname="com.automation.tests.SfdcAuromationScripts" name="sfdcCreateAccount" time="0.0">
    <ignored/>
  </testcase> <!-- sfdcCreateAccount -->
  <testcase classname="com.automation.tests.SfdcAuromationScripts" name="sfdcLeadGo" time="0.0">
    <ignored/>
  </testcase> <!-- sfdcLeadGo -->
  <testcase classname="com.automation.tests.SfdcAuromationScripts" name="sfdcTabCustomize" time="0.0">
    <ignored/>
  </testcase> <!-- sfdcTabCustomize -->
  <testcase classname="com.automation.tests.SfdcAuromationScripts" name="sfdcContactName" time="0.0">
    <ignored/>
  </testcase> <!-- sfdcContactName -->
  <testcase classname="com.automation.tests.SfdcAuromationScripts" name="sfdcCntNew" time="0.0">
    <ignored/>
  </testcase> <!-- sfdcCntNew -->
  <testcase classname="com.automation.tests.SfdcAuromationScripts" name="sfdcOpp" time="0.0">
    <ignored/>
  </testcase> <!-- sfdcOpp -->
  <testcase classname="com.automation.tests.SfdcAuromationScripts" name="sfdcOptyStuck" time="0.0">
    <ignored/>
  </testcase> <!-- sfdcOptyStuck -->
  <testcase classname="com.automation.tests.SfdcAuromationScripts" name="sfdcCntRecentlyViewed" time="0.0">
    <ignored/>
  </testcase> <!-- sfdcCntRecentlyViewed -->
  <testcase classname="com.automation.tests.SfdcAuromationScripts" name="sfdcEmptyPwd" time="0.0">
    <ignored/>
  </testcase> <!-- sfdcEmptyPwd -->
  <testcase classname="com.automation.tests.SfdcAuromationScripts" name="sfdcLeadHome" time="0.0">
    <ignored/>
  </testcase> <!-- sfdcLeadHome -->
  <testcase classname="com.automation.tests.SfdcAuromationScripts" name="sfdcUserMenuDropDown" time="0.0">
    <ignored/>
  </testcase> <!-- sfdcUserMenuDropDown -->
  <testcase classname="com.automation.tests.SfdcAuromationScripts" name="sfdcCntNewView" time="0.0">
    <ignored/>
  </testcase> <!-- sfdcCntNewView -->
  <testcase classname="com.automation.tests.SfdcAuromationScripts" name="sfdcContactView" time="0.0">
    <ignored/>
  </testcase> <!-- sfdcContactView -->
  <testcase classname="com.automation.tests.SfdcAuromationScripts" name="sfdcOptySummary" time="0.0">
    <ignored/>
  </testcase> <!-- sfdcOptySummary -->
  <testcase classname="com.automation.tests.SfdcAuromationScripts" name="sfdccntSaveNew" time="0.0">
    <ignored/>
  </testcase> <!-- sfdccntSaveNew -->
  <testcase classname="com.automation.tests.SfdcAuromationScripts" name="sfdcForgotPwd" time="0.0">
    <ignored/>
  </testcase> <!-- sfdcForgotPwd -->
  <testcase classname="com.automation.tests.SfdcAuromationScripts" name="sfdcOptyPipeLine" time="0.0">
    <ignored/>
  </testcase> <!-- sfdcOptyPipeLine -->
  <testcase classname="com.automation.tests.SfdcAuromationScripts" name="sfdcInvalidLogin" time="0.0">
    <ignored/>
  </testcase> <!-- sfdcInvalidLogin -->
  <testcase classname="com.automation.tests.SfdcAuromationScripts" name="sfdcMergeAccounts" time="0.0">
    <ignored/>
  </testcase> <!-- sfdcMergeAccounts -->
  <testcase classname="com.automation.tests.SfdcAuromationScripts" name="sfdcMyContacts" time="0.0">
    <ignored/>
  </testcase> <!-- sfdcMyContacts -->
  <testcase classname="com.automation.tests.SfdcAuromationScripts" name="sfdcMySettings" time="0.0">
    <ignored/>
  </testcase> <!-- sfdcMySettings -->
  <testcase classname="com.automation.tests.SfdcAuromationScripts" name="sfdcAccountView" time="0.0">
    <ignored/>
  </testcase> <!-- sfdcAccountView -->
  <testcase classname="com.automation.tests.SfdcAuromationScripts" name="sfdcTodaysLead" time="0.0">
    <ignored/>
  </testcase> <!-- sfdcTodaysLead -->
  <testcase classname="com.automation.tests.SfdcAuromationScripts" name="sfdcLead" time="0.0">
    <ignored/>
  </testcase> <!-- sfdcLead -->
  <testcase classname="com.automation.tests.SfdcAuromationScripts" name="sfdcEditView" time="0.0">
    <ignored/>
  </testcase> <!-- sfdcEditView -->
  <testcase classname="com.automation.tests.SfdcAuromationScripts" name="sfdcRememberCheck" time="0.0">
    <ignored/>
  </testcase> <!-- sfdcRememberCheck -->
  <testcase classname="com.automation.tests.SfdcAuromationScripts" name="developerConsole" time="0.0">
    <ignored/>
  </testcase> <!-- developerConsole -->
  <testcase classname="com.automation.tests.SfdcAuromationScripts" name="sfdcLoginScript" time="0.0">
    <ignored/>
  </testcase> <!-- sfdcLoginScript -->
  <testcase classname="com.automation.tests.SfdcAuromationScripts" name="sfdcAccount" time="0.0">
    <ignored/>
  </testcase> <!-- sfdcAccount -->
  <testcase classname="com.automation.tests.SfdcAuromationScripts" name="sfdcHomeTab" time="0.0">
    <ignored/>
  </testcase> <!-- sfdcHomeTab -->
  <testcase classname="com.automation.tests.SfdcAuromationScripts" name="sfdcHomeAbout" time="0.0">
    <ignored/>
  </testcase> <!-- sfdcHomeAbout -->
</testsuite> <!-- Default test -->
