<?xml version="1.0" encoding="UTF-8"?>
<!-- Generated by org.testng.reporters.JUnitXMLReporter -->
<testsuite ignored="1" hostname="DESKTOP-5O0FCEA" failures="0" tests="1" name="FireBaseTest" time="52.989" errors="0" timestamp="2023-06-12T18:54:00 IST">
  <testcase classname="com.automation.tests.AutomationScripts" name="loginToFireBaseTestScript" time="1.164"/>
  <testcase classname="com.automation.tests.AutomationScripts" name="errorLoginToFireBaseTestScript" time="0.0">
    <ignored/>
  </testcase> <!-- errorLoginToFireBaseTestScript -->
</testsuite> <!-- FireBaseTest -->
